# JRE version: OpenJDK Runtime Environment (8.0_152-b28) (build 1.8.0_152-release-1343-b28)
# Java VM: OpenJDK 64-Bit Server VM (25.152-b28 mixed mode windows-amd64 compressed oops)
Heap:
 par new generation   total 39296K, used 4849K [0x00000000d1200000, 0x00000000d3ca0000, 0x00000000e0c00000)
  eden space 34944K,   1% used [0x00000000d1200000, 0x00000000d127c618, 0x00000000d3420000)
  from space 4352K, 100% used [0x00000000d3860000, 0x00000000d3ca0000, 0x00000000d3ca0000)
  to   space 4352K,   0% used [0x00000000d3420000, 0x00000000d3420000, 0x00000000d3860000)
 concurrent mark-sweep generation total 87424K, used 11673K [0x00000000e0c00000, 0x00000000e6160000, 0x0000000100000000)
 Metaspace       used 22105K, capacity 22394K, committed 22624K, reserved 1069056K
  class space    used 2369K, capacity 2527K, committed 2560K, reserved 1048576K
GC Heap History (6 events):
Event: 13.018 GC heap before
{Heap before GC invocations=0 (full 0):
 par new generation   total 39296K, used 34944K [0x00000000d1200000, 0x00000000d3ca0000, 0x00000000e0c00000)
  eden space 34944K, 100% used [0x00000000d1200000, 0x00000000d3420000, 0x00000000d3420000)
  from space 4352K,   0% used [0x00000000d3420000, 0x00000000d3420000, 0x00000000d3860000)
  to   space 4352K,   0% used [0x00000000d3860000, 0x00000000d3860000, 0x00000000d3ca0000)
 concurrent mark-sweep generation total 87424K, used 0K [0x00000000e0c00000, 0x00000000e6160000, 0x0000000100000000)
 Metaspace       used 6142K, capacity 6343K, committed 6400K, reserved 1056768K
  class space    used 640K, capacity 729K, committed 768K, reserved 1048576K
Event: 13.026 GC heap after
Heap after GC invocations=1 (full 0):
 par new generation   total 39296K, used 3694K [0x00000000d1200000, 0x00000000d3ca0000, 0x00000000e0c00000)
  eden space 34944K,   0% used [0x00000000d1200000, 0x00000000d1200000, 0x00000000d3420000)
  from space 4352K,  84% used [0x00000000d3860000, 0x00000000d3bfb9a8, 0x00000000d3ca0000)
  to   space 4352K,   0% used [0x00000000d3420000, 0x00000000d3420000, 0x00000000d3860000)
 concurrent mark-sweep generation total 87424K, used 0K [0x00000000e0c00000, 0x00000000e6160000, 0x0000000100000000)
 Metaspace       used 6142K, capacity 6343K, committed 6400K, reserved 1056768K
  class space    used 640K, capacity 729K, committed 768K, reserved 1048576K
}
Event: 19.602 GC heap before
{Heap before GC invocations=1 (full 0):
 par new generation   total 39296K, used 38638K [0x00000000d1200000, 0x00000000d3ca0000, 0x00000000e0c00000)
  eden space 34944K, 100% used [0x00000000d1200000, 0x00000000d3420000, 0x00000000d3420000)
  from space 4352K,  84% used [0x00000000d3860000, 0x00000000d3bfb9a8, 0x00000000d3ca0000)
  to   space 4352K,   0% used [0x00000000d3420000, 0x00000000d3420000, 0x00000000d3860000)
 concurrent mark-sweep generation total 87424K, used 0K [0x00000000e0c00000, 0x00000000e6160000, 0x0000000100000000)
 Metaspace       used 8395K, capacity 8692K, committed 8820K, reserved 1056768K
  class space    used 763K, capacity 876K, committed 896K, reserved 1048576K
Event: 19.627 GC heap after
Heap after GC invocations=2 (full 0):
 par new generation   total 39296K, used 4352K [0x00000000d1200000, 0x00000000d3ca0000, 0x00000000e0c00000)
  eden space 34944K,   0% used [0x00000000d1200000, 0x00000000d1200000, 0x00000000d3420000)
  from space 4352K, 100% used [0x00000000d3420000, 0x00000000d3860000, 0x00000000d3860000)
  to   space 4352K,   0% used [0x00000000d3860000, 0x00000000d3860000, 0x00000000d3ca0000)
 concurrent mark-sweep generation total 87424K, used 4031K [0x00000000e0c00000, 0x00000000e6160000, 0x0000000100000000)
 Metaspace       used 8395K, capacity 8692K, committed 8820K, reserved 1056768K
  class space    used 763K, capacity 876K, committed 896K, reserved 1048576K
}
Event: 29.364 GC heap before
{Heap before GC invocations=2 (full 0):
 par new generation   total 39296K, used 39296K [0x00000000d1200000, 0x00000000d3ca0000, 0x00000000e0c00000)
  eden space 34944K, 100% used [0x00000000d1200000, 0x00000000d3420000, 0x00000000d3420000)
  from space 4352K, 100% used [0x00000000d3420000, 0x00000000d3860000, 0x00000000d3860000)
  to   space 4352K,   0% used [0x00000000d3860000, 0x00000000d3860000, 0x00000000d3ca0000)
 concurrent mark-sweep generation total 87424K, used 4031K [0x00000000e0c00000, 0x00000000e6160000, 0x0000000100000000)
 Metaspace       used 22102K, capacity 22394K, committed 22624K, reserved 1069056K
  class space    used 2369K, capacity 2527K, committed 2560K, reserved 1048576K
Event: 29.395 GC heap after
Heap after GC invocations=3 (full 0):
 par new generation   total 39296K, used 4352K [0x00000000d1200000, 0x00000000d3ca0000, 0x00000000e0c00000)
  eden space 34944K,   0% used [0x00000000d1200000, 0x00000000d1200000, 0x00000000d3420000)
  from space 4352K, 100% used [0x00000000d3860000, 0x00000000d3ca0000, 0x00000000d3ca0000)
  to   space 4352K,   0% used [0x00000000d3420000, 0x00000000d3420000, 0x00000000d3860000)
 concurrent mark-sweep generation total 87424K, used 11673K [0x00000000e0c00000, 0x00000000e6160000, 0x0000000100000000)
 Metaspace       used 22102K, capacity 22394K, committed 22624K, reserved 1069056K
  class space    used 2369K, capacity 2527K, committed 2560K, reserved 1048576K
}

